Arguments: 
  /usr/local/bin/node /usr/local/bin/yarn add -D vuepress

PATH: 
  /usr/local/bin:/usr/bin:/bin:/usr/sbin:/sbin

Yarn version: 
  1.12.3

Node version: 
  10.15.3

Platform: 
  darwin x64

Trace: 
  Error: ENOENT: no such file or directory, copyfile '/Users/adonis/Library/Caches/Yarn/v4/npm-array-unique-0.2.1-a1d97ccafcbc2625cc70fadceb36a50c58b01a53/node_modules/array-unique/LICENSE' -> '/Users/adonis/Desktop/yq/project/wheel/node_modules/@babel/core/node_modules/array-unique/LICENSE'

npm manifest: 
  {
    "name": "echo-wheel",
    "version": "0.0.2",
    "description": "一个用 Vue 写的 UI 框架",
    "main": "dist/index.js",
    "repository": {
      "type": "git",
      "url": "git+https://github.com/zyqq/wheel.git"
    },
    "keywords": [
      "Vue",
      "UI",
      "Wheel"
    ],
    "author": "Echo",
    "license": "MIT",
    "bugs": {
      "url": "https://github.com/zyqq/wheel/issues"
    },
    "homepage": "https://github.com/zyqq/wheel#readme",
    "scripts": {
      "start": "parcel index.html --no-cache",
      "dev-test": "parcel watch test/* --no-cache & karma start",
      "test": "parcel build test/* --no-cache --no-minify && karma start --single-run",
      "build": "parcel build index.js --no-cache --no-minify",
      "docs:dev": "vuepress dev docs",
      "docs:build": "vuepress build docs"
    },
    "dependencies": {
      "stylus": "^0.54.5",
      "stylus-loader": "^3.0.2",
      "vue": "^2.6.10",
      "vue-hot-reload-api": "^2.3.3"
    },
    "devDependencies": {
      "@vue/component-compiler-utils": "^2.6.0",
      "chai": "^4.2.0",
      "chai-spies": "^1.0.0",
      "karma": "^4.0.1",
      "karma-chai": "^0.1.0",
      "karma-chai-spies": "^0.1.4",
      "karma-chrome-launcher": "^2.2.0",
      "karma-mocha": "^1.3.0",
      "karma-sinon-chai": "^2.0.2",
      "mocha": "^6.0.2",
      "parcel-bundler": "^1.12.3",
      "sass": "^1.17.3",
      "sinon": "^7.3.1",
      "sinon-chai": "^3.3.0",
      "vue-template-compiler": "^2.6.10",
      "vuepress": "^0.14.10"
    },
    "alias": {
      "vue": "./node_modules/vue/dist/vue.common.js"
    },
    "resolutions": {
      "webpack-dev-middleware": "3.6.0"
    }
  }

yarn manifest: 
  No manifest

Lockfile: 
  No lockfile
